<?xml version="1.0" encoding="UTF-8"?>
<testng-results skipped="0" failed="0" total="1" passed="1">
  <reporter-output>
  </reporter-output>
  <suite name="Default suite" duration-ms="15521" started-at="2018-08-28T09:06:42Z" finished-at="2018-08-28T09:06:57Z">
    <groups>
    </groups>
    <test name="Default test" duration-ms="15521" started-at="2018-08-28T09:06:42Z" finished-at="2018-08-28T09:06:57Z">
      <class name="com.Ljd.Ljduitest.testcase.TestLogin">
        <test-method status="PASS" signature="setUp()[pri:0, instance:com.Ljd.Ljduitest.testcase.TestLogin@3a8624]" name="setUp" is-config="true" duration-ms="5633" started-at="2018-08-28T17:06:42Z" finished-at="2018-08-28T17:06:47Z">
          <reporter-output>
          </reporter-output>
        </test-method> <!-- setUp -->
        <test-method status="PASS" signature="Login()[pri:0, instance:com.Ljd.Ljduitest.testcase.TestLogin@3a8624]" name="Login" duration-ms="7530" started-at="2018-08-28T17:06:47Z" finished-at="2018-08-28T17:06:55Z">
          <reporter-output>
          </reporter-output>
        </test-method> <!-- Login -->
        <test-method status="PASS" signature="tearDown()[pri:0, instance:com.Ljd.Ljduitest.testcase.TestLogin@3a8624]" name="tearDown" is-config="true" duration-ms="2331" started-at="2018-08-28T17:06:55Z" finished-at="2018-08-28T17:06:57Z">
          <reporter-output>
          </reporter-output>
        </test-method> <!-- tearDown -->
      </class> <!-- com.Ljd.Ljduitest.testcase.TestLogin -->
    </test> <!-- Default test -->
  </suite> <!-- Default suite -->
</testng-results>
