<?xml version="1.0" encoding="UTF-8"?>
<testng-results skipped="0" failed="0" ignored="0" total="1" passed="1">
  <reporter-output>
  </reporter-output>
  <suite name="Default suite" duration-ms="15464" started-at="2018-08-29T08:31:10Z" finished-at="2018-08-29T08:31:25Z">
    <groups>
    </groups>
    <test name="Default test" duration-ms="15464" started-at="2018-08-29T08:31:10Z" finished-at="2018-08-29T08:31:25Z">
      <class name="com.Ljd.Ljduitest.testcase.TestLogin">
        <test-method status="PASS" signature="setUp()[pri:0, instance:com.Ljd.Ljduitest.testcase.TestLogin@101b7af]" name="setUp" is-config="true" duration-ms="5327" started-at="2018-08-29T16:31:10Z" finished-at="2018-08-29T16:31:15Z">
          <reporter-output>
          </reporter-output>
        </test-method> <!-- setUp -->
        <test-method status="PASS" signature="Login()[pri:0, instance:com.Ljd.Ljduitest.testcase.TestLogin@101b7af]" name="Login" duration-ms="7741" started-at="2018-08-29T16:31:15Z" finished-at="2018-08-29T16:31:23Z">
          <reporter-output>
          </reporter-output>
        </test-method> <!-- Login -->
        <test-method status="PASS" signature="tearDown()[pri:0, instance:com.Ljd.Ljduitest.testcase.TestLogin@101b7af]" name="tearDown" is-config="true" duration-ms="2369" started-at="2018-08-29T16:31:23Z" finished-at="2018-08-29T16:31:25Z">
          <reporter-output>
          </reporter-output>
        </test-method> <!-- tearDown -->
      </class> <!-- com.Ljd.Ljduitest.testcase.TestLogin -->
    </test> <!-- Default test -->
  </suite> <!-- Default suite -->
</testng-results>
